Extracting Dnmt1-201 for  Adig Wed Jan 18 17:43:51 EST 2023
Extracting Dnmt1-201 for  Ahya Wed Jan 18 17:43:51 EST 2023
Extracting Dnmt1-201 for  Amil Wed Jan 18 17:43:51 EST 2023
Extracting Dnmt1-201 for  Apal Wed Jan 18 17:43:52 EST 2023
Extracting Dnmt1-201 for  Apoc Wed Jan 18 17:43:52 EST 2023
Extracting Dnmt1-201 for  Aque Wed Jan 18 17:43:52 EST 2023
Extracting Dnmt1-201 for  Cgig Wed Jan 18 17:43:52 EST 2023
Extracting Dnmt1-201 for  Emue Wed Jan 18 17:43:52 EST 2023
Extracting Dnmt1-201 for  Gasp Wed Jan 18 17:43:52 EST 2023
Extracting Dnmt1-201 for  Gfas Wed Jan 18 17:43:52 EST 2023
Extracting Dnmt1-201 for  Mcap Wed Jan 18 17:43:52 EST 2023
Extracting Dnmt1-201 for  Nvec Wed Jan 18 17:43:53 EST 2023
Extracting Dnmt1-201 for  Pbac Wed Jan 18 17:43:53 EST 2023
Error: [blastdbcmd] Failed to parse sequence range (start cannot be larger than stop)
Extracting Dnmt1-201 for  Plut Wed Jan 18 17:43:53 EST 2023
Extracting Dnmt1-201 for  Prus Wed Jan 18 17:43:53 EST 2023
Extracting Dnmt1-201 for  Pver Wed Jan 18 17:43:53 EST 2023
Extracting Dnmt1-201 for  Spis Wed Jan 18 17:43:53 EST 2023
Extracting Dnmt3a-201 for  Adig Wed Jan 18 17:43:53 EST 2023
Extracting Dnmt3a-201 for  Ahya Wed Jan 18 17:43:53 EST 2023
Extracting Dnmt3a-201 for  Amil Wed Jan 18 17:43:54 EST 2023
Extracting Dnmt3a-201 for  Apal Wed Jan 18 17:43:54 EST 2023
Extracting Dnmt3a-201 for  Apoc Wed Jan 18 17:43:54 EST 2023
Extracting Dnmt3a-201 for  Aque Wed Jan 18 17:43:54 EST 2023
Extracting Dnmt3a-201 for  Cgig Wed Jan 18 17:43:54 EST 2023
Extracting Dnmt3a-201 for  Emue Wed Jan 18 17:43:54 EST 2023
Extracting Dnmt3a-201 for  Gasp Wed Jan 18 17:43:54 EST 2023
Extracting Dnmt3a-201 for  Gfas Wed Jan 18 17:43:54 EST 2023
Extracting Dnmt3a-201 for  Hsal Wed Jan 18 17:43:55 EST 2023
Extracting Dnmt3a-201 for  Mcap Wed Jan 18 17:43:55 EST 2023
Extracting Dnmt3a-201 for  Nvec Wed Jan 18 17:43:55 EST 2023
Extracting Dnmt3a-201 for  Pbac Wed Jan 18 17:43:55 EST 2023
Error: [blastdbcmd] Failed to parse sequence range (start cannot be larger than stop)
Extracting Dnmt3a-201 for  Pdam Wed Jan 18 17:43:55 EST 2023
Extracting Dnmt3a-201 for  Plut Wed Jan 18 17:43:55 EST 2023
Extracting Dnmt3a-201 for  Prus Wed Jan 18 17:43:55 EST 2023
Extracting Dnmt3a-201 for  Pver Wed Jan 18 17:43:55 EST 2023
Extracting Dnmt3a-201 for  Spis Wed Jan 18 17:43:55 EST 2023
Extracting Dnmt3b-201 for  Adig Wed Jan 18 17:43:55 EST 2023
Extracting Dnmt3b-201 for  Ahya Wed Jan 18 17:43:56 EST 2023
Extracting Dnmt3b-201 for  Amil Wed Jan 18 17:43:56 EST 2023
Extracting Dnmt3b-201 for  Apal Wed Jan 18 17:43:56 EST 2023
Extracting Dnmt3b-201 for  Apoc Wed Jan 18 17:43:56 EST 2023
Extracting Dnmt3b-201 for  Aque Wed Jan 18 17:43:56 EST 2023
Extracting Dnmt3b-201 for  Cgig Wed Jan 18 17:43:56 EST 2023
Extracting Dnmt3b-201 for  Emue Wed Jan 18 17:43:56 EST 2023
Extracting Dnmt3b-201 for  Gasp Wed Jan 18 17:43:56 EST 2023
Extracting Dnmt3b-201 for  Gfas Wed Jan 18 17:43:56 EST 2023
Extracting Dnmt3b-201 for  Mcap Wed Jan 18 17:43:57 EST 2023
Extracting Dnmt3b-201 for  Nvec Wed Jan 18 17:43:57 EST 2023
Extracting Dnmt3b-201 for  Pbac Wed Jan 18 17:43:57 EST 2023
Error: [blastdbcmd] Failed to parse sequence range (start cannot be larger than stop)
Extracting Dnmt3b-201 for  Pdam Wed Jan 18 17:43:57 EST 2023
Extracting Dnmt3b-201 for  Plut Wed Jan 18 17:43:57 EST 2023
Extracting Dnmt3b-201 for  Prus Wed Jan 18 17:43:57 EST 2023
Extracting Dnmt3b-201 for  Pver Wed Jan 18 17:43:57 EST 2023
Extracting Dnmt3b-201 for  Spis Wed Jan 18 17:43:57 EST 2023
Extracting Dnmt3l-201 for  Adig Wed Jan 18 17:43:57 EST 2023
Extracting Dnmt3l-201 for  Ahya Wed Jan 18 17:43:57 EST 2023
Extracting Dnmt3l-201 for  Amil Wed Jan 18 17:43:58 EST 2023
Extracting Dnmt3l-201 for  Aque Wed Jan 18 17:43:58 EST 2023
Extracting Dnmt3l-201 for  Cgig Wed Jan 18 17:43:58 EST 2023
Extracting Dnmt3l-201 for  Emue Wed Jan 18 17:43:58 EST 2023
Extracting Dnmt3l-201 for  Gasp Wed Jan 18 17:43:58 EST 2023
Extracting Dnmt3l-201 for  Gfas Wed Jan 18 17:43:58 EST 2023
Extracting Dnmt3l-201 for  Mcap Wed Jan 18 17:43:58 EST 2023
Extracting Dnmt3l-201 for  Nvec Wed Jan 18 17:43:58 EST 2023
Extracting Dnmt3l-201 for  Pbac Wed Jan 18 17:43:59 EST 2023
Error: [blastdbcmd] Failed to parse sequence range (start cannot be larger than stop)
Extracting Dnmt3l-201 for  Pdam Wed Jan 18 17:43:59 EST 2023
Extracting Dnmt3l-201 for  Plut Wed Jan 18 17:43:59 EST 2023
Extracting Dnmt3l-201 for  Prus Wed Jan 18 17:43:59 EST 2023
Extracting Dnmt3l-201 for  Pver Wed Jan 18 17:43:59 EST 2023
Extracting Dnmt3l-201 for  Spis Wed Jan 18 17:43:59 EST 2023